#
# A fatal error has been detected by the Java Runtime Environment:
#
#  SIGBUS (0xa) at pc=0x00000001162b8f80, pid=24950, tid=0x0000000000001103
#
# JRE version: Java(TM) SE Runtime Environment (8.0_221-b11) (build 1.8.0_221-b11)
# Java VM: Java HotSpot(TM) 64-Bit Server VM (25.221-b11 mixed mode bsd-amd64 compressed oops)
# Problematic frame:
# j  leetcode.PalindromeLinkedList.recursivelyCheck(Lleetcode/ListNode;)Z+8
#
# Failed to write core dump. Core dumps have been disabled. To enable core dumping, try "ulimit -c unlimited" before starting Java again
#
# If you would like to submit a bug report, please visit:
#   http://bugreport.java.com/bugreport/crash.jsp
#

---------------  T H R E A D  ---------------

Current thread (0x00007fbbb680d000):  JavaThread "main" [_thread_in_Java, id=4355, stack(0x0000700001a7a000,0x0000700001b7a000)]

siginfo: si_signo: 10 (SIGBUS), si_code: 2 (BUS_ADRERR), si_addr: 0x0000000112afbd88

Registers:
RAX=0x00000001104fcd70, RBX=0x00000000000000b8, RCX=0x0000000112967d38, RDX=0x0000000000032808
RSP=0x0000700001b79790, RBP=0x0000700001b797d8, RSI=0x0000000000000007, RDI=0x0000000000000000
R8 =0x0000000000000001, R9 =0xffffffff00000001, R10=0x0000000110507160, R11=0x0000000000000202
R12=0x0000000000000000, R13=0x0000000112967b38, R14=0x0000700001b797e8, R15=0x00007fbbb680d000
RIP=0x00000001162b8f80, EFLAGS=0x0000000000010202, ERR=0x0000000000000004
  TRAPNO=0x000000000000000e

Top of Stack: (sp=0x0000700001b79790)
0x0000700001b79790:   000000076b213e58 0000700001b79798
0x0000700001b797a0:   0000000112967b38 0000700001b797e8
0x0000700001b797b0:   0000000112967d38 0000000000000000
0x0000700001b797c0:   0000000112967b78 0000000000000000
0x0000700001b797d0:   0000700001b797e8 0000700001b79830
0x0000700001b797e0:   000000011628db30 000000076b213e40
0x0000700001b797f0:   0000700001b797f0 0000000112967b38
0x0000700001b79800:   0000700001b79840 0000000112967d38
0x0000700001b79810:   0000000000000000 0000000112967b78
0x0000700001b79820:   0000700001b797e8 0000700001b79840
0x0000700001b79830:   0000700001b79888 000000011628db30
0x0000700001b79840:   000000076b213e28 0000700001b79848
0x0000700001b79850:   0000000112967b38 0000700001b79898
0x0000700001b79860:   0000000112967d38 0000000000000000
0x0000700001b79870:   0000000112967b78 0000700001b79840
0x0000700001b79880:   0000700001b79898 0000700001b798e0
0x0000700001b79890:   000000011628db30 000000076b213e10
0x0000700001b798a0:   0000700001b798a0 0000000112967b38
0x0000700001b798b0:   0000700001b798f0 0000000112967d38
0x0000700001b798c0:   0000000000000000 0000000112967b78
0x0000700001b798d0:   0000700001b79898 0000700001b798f0
0x0000700001b798e0:   0000700001b79938 000000011628db30
0x0000700001b798f0:   000000076b213df8 0000700001b798f8
0x0000700001b79900:   0000000112967b38 0000700001b79948
0x0000700001b79910:   0000000112967d38 0000000000000000
0x0000700001b79920:   0000000112967b78 0000700001b798f0
0x0000700001b79930:   0000700001b79948 0000700001b79990
0x0000700001b79940:   000000011628db30 000000076b213de0
0x0000700001b79950:   0000700001b79950 0000000112967a8d
0x0000700001b79960:   0000700001b799a0 0000000112967d38
0x0000700001b79970:   0000000000000000 0000000112967aa8
0x0000700001b79980:   0000700001b79948 0000700001b799a0 

Instructions: (pc=0x00000001162b8f80)
0x00000001162b8f60:   00 00 48 83 ec 10 48 89 04 24 e9 01 00 00 00 50
0x00000001162b8f70:   4c 89 6d c8 41 0f b7 55 01 48 8b 4d d8 c1 e2 02
0x00000001162b8f80:   8b 5c d1 10 c1 eb 10 81 e3 ff 00 00 00 81 fb b8
0x00000001162b8f90:   00 00 00 0f 84 39 01 00 00 bb b8 00 00 00 e8 05 

Register to memory mapping:

RAX=0x00000001104fcd70: _ZN20SafepointSynchronize6_stateE+0 in /Library/Java/JavaVirtualMachines/jdk1.8.0_221.jdk/Contents/Home/jre/lib/server/libjvm.dylib at 0x000000010fc00000
RBX=0x00000000000000b8 is an unknown value
RCX=0x0000000112967d38 is pointing into metadata
RDX=0x0000000000032808 is an unknown value
RSP=0x0000700001b79790 is pointing into the stack for thread: 0x00007fbbb680d000
RBP=0x0000700001b797d8 is pointing into the stack for thread: 0x00007fbbb680d000
RSI=0x0000000000000007 is an unknown value
RDI=0x0000000000000000 is an unknown value
R8 =0x0000000000000001 is an unknown value
R9 =0xffffffff00000001 is an unknown value
R10=0x0000000110507160: _ZN19TemplateInterpreter13_normal_tableE+0x4800 in /Library/Java/JavaVirtualMachines/jdk1.8.0_221.jdk/Contents/Home/jre/lib/server/libjvm.dylib at 0x000000010fc00000
R11=0x0000000000000202 is an unknown value
R12=0x0000000000000000 is an unknown value
R13=0x0000000112967b38 is pointing into metadata
R14=0x0000700001b797e8 is pointing into the stack for thread: 0x00007fbbb680d000
R15=0x00007fbbb680d000 is a thread


Stack: [0x0000700001a7a000,0x0000700001b7a000],  sp=0x0000700001b79790,  free space=1021k
Native frames: (J=compiled Java code, j=interpreted, Vv=VM code, C=native code)
j  leetcode.PalindromeLinkedList.recursivelyCheck(Lleetcode/ListNode;)Z+8
j  leetcode.PalindromeLinkedList.recursivelyCheck(Lleetcode/ListNode;)Z+8
j  leetcode.PalindromeLinkedList.recursivelyCheck(Lleetcode/ListNode;)Z+8
j  leetcode.PalindromeLinkedList.recursivelyCheck(Lleetcode/ListNode;)Z+8
j  leetcode.PalindromeLinkedList.recursivelyCheck(Lleetcode/ListNode;)Z+8
j  leetcode.PalindromeLinkedList.isPalindrome(Lleetcode/ListNode;)Z+5
j  leetcode.PalindromeLinkedList.main([Ljava/lang/String;)V+130
v  ~StubRoutines::call_stub
V  [libjvm.dylib+0x2f0d1e]  JavaCalls::call_helper(JavaValue*, methodHandle*, JavaCallArguments*, Thread*)+0x6ae
V  [libjvm.dylib+0x327cc5]  jni_invoke_static(JNIEnv_*, JavaValue*, _jobject*, JNICallType, _jmethodID*, JNI_ArgumentPusher*, Thread*)+0x1bf
V  [libjvm.dylib+0x320a51]  jni_CallStaticVoidMethod+0x15d
C  [java+0x38c6]  JavaMain+0x9c4
C  [libsystem_pthread.dylib+0x6109]  _pthread_start+0x94
C  [libsystem_pthread.dylib+0x1b8b]  thread_start+0xf
C  0x0000000000000000


---------------  P R O C E S S  ---------------

Java Threads: ( => current thread )
  0x00007fbbb902a000 JavaThread "Attach Listener" daemon [_thread_blocked, id=22531, stack(0x00007000033c8000,0x00007000034c8000)]
  0x00007fbbb401d000 JavaThread "Service Thread" daemon [_thread_blocked, id=42243, stack(0x00007000031c2000,0x00007000032c2000)]
  0x00007fbbb6025800 JavaThread "C1 CompilerThread3" daemon [_thread_blocked, id=22019, stack(0x00007000030bf000,0x00007000031bf000)]
  0x00007fbbb882a800 JavaThread "C2 CompilerThread2" daemon [_thread_blocked, id=43011, stack(0x0000700002fbc000,0x00007000030bc000)]
  0x00007fbbb881f800 JavaThread "C2 CompilerThread1" daemon [_thread_blocked, id=21763, stack(0x0000700002eb9000,0x0000700002fb9000)]
  0x00007fbbb4821800 JavaThread "C2 CompilerThread0" daemon [_thread_blocked, id=17411, stack(0x0000700002db6000,0x0000700002eb6000)]
  0x00007fbbb780b800 JavaThread "JDWP Command Reader" daemon [_thread_in_native, id=16899, stack(0x0000700002cb3000,0x0000700002db3000)]
  0x00007fbbb780b000 JavaThread "JDWP Event Helper Thread" daemon [_thread_blocked, id=17923, stack(0x0000700002bb0000,0x0000700002cb0000)]
  0x00007fbbb4810800 JavaThread "JDWP Transport Listener: dt_socket" daemon [_thread_blocked, id=16135, stack(0x0000700002aad000,0x0000700002bad000)]
  0x00007fbbb4810000 JavaThread "Signal Dispatcher" daemon [_thread_blocked, id=15619, stack(0x00007000029aa000,0x0000700002aaa000)]
  0x00007fbbb5016000 JavaThread "Finalizer" daemon [_thread_blocked, id=19715, stack(0x00007000027a1000,0x00007000028a1000)]
  0x00007fbbb480f000 JavaThread "Reference Handler" daemon [_thread_blocked, id=13059, stack(0x000070000269e000,0x000070000279e000)]
=>0x00007fbbb680d000 JavaThread "main" [_thread_in_Java, id=4355, stack(0x0000700001a7a000,0x0000700001b7a000)]

Other Threads:
  0x00007fbbb6020800 VMThread [stack: 0x000070000259b000,0x000070000269b000] [id=19971]
  0x00007fbbb6810000 WatcherThread [stack: 0x00007000032c5000,0x00007000033c5000] [id=41731]

VM state:not at safepoint (normal execution)

VM Mutex/Monitor currently owned by a thread: None

heap address: 0x00000006c0000000, size: 4096 MB, Compressed Oops mode: Zero based, Oop shift amount: 3
Narrow klass base: 0x0000000000000000, Narrow klass shift: 3
Compressed class space size: 1073741824 Address: 0x00000007c0000000

Heap:
 PSYoungGen      total 76288K, used 10508K [0x000000076ab00000, 0x0000000770000000, 0x00000007c0000000)
  eden space 65536K, 16% used [0x000000076ab00000,0x000000076b543130,0x000000076eb00000)
  from space 10752K, 0% used [0x000000076f580000,0x000000076f580000,0x0000000770000000)
  to   space 10752K, 0% used [0x000000076eb00000,0x000000076eb00000,0x000000076f580000)
 ParOldGen       total 175104K, used 0K [0x00000006c0000000, 0x00000006cab00000, 0x000000076ab00000)
  object space 175104K, 0% used [0x00000006c0000000,0x00000006c0000000,0x00000006cab00000)
 Metaspace       used 5277K, capacity 5362K, committed 5504K, reserved 1056768K
  class space    used 557K, capacity 593K, committed 640K, reserved 1048576K

Card table byte_map: [0x0000000110f82000,0x0000000111783000] byte_map_base: 0x000000010d982000

Marking Bits: (ParMarkBitMap*) 0x00000001104fbe40
 Begin Bits: [0x0000000125286000, 0x0000000129286000)
 End Bits:   [0x0000000129286000, 0x000000012d286000)

Polling page: 0x000000010e33d000

CodeCache: size=245760Kb used=1472Kb max_used=1472Kb free=244287Kb
 bounds [0x0000000116286000, 0x00000001164f6000, 0x0000000125286000]
 total_blobs=428 nmethods=139 adapters=211
 compilation: enabled

Compilation events (10 events):
Event: 1.861 Thread 0x00007fbbb881f800 nmethod 138 0x00000001163e0a10 code [0x00000001163e0b80, 0x00000001163e11c8]
Event: 1.864 Thread 0x00007fbbb6025800 nmethod 136 0x00000001163e4d10 code [0x00000001163e5880, 0x00000001163efb38]
Event: 1.864 Thread 0x00007fbbb6025800  135       3       java.lang.String::<init> (10 bytes)
Event: 1.864 Thread 0x00007fbbb6025800 nmethod 135 0x00000001163e0610 code [0x00000001163e0780, 0x00000001163e0950]
Event: 1.864 Thread 0x00007fbbb6025800  134       1       java.util.Hashtable::access$500 (5 bytes)
Event: 1.864 Thread 0x00007fbbb6025800 nmethod 134 0x00000001163e0350 code [0x00000001163e04a0, 0x00000001163e0590]
Event: 1.864 Thread 0x00007fbbb6025800  137       3       java.util.Hashtable$Enumerator::nextElement (111 bytes)
Event: 1.865 Thread 0x00007fbbb6025800 nmethod 137 0x00000001163e21d0 code [0x00000001163e2380, 0x00000001163e2808]
Event: 587.269 Thread 0x00007fbbb6025800  139       3       org.eclipse.jdt.launching.internal.org.objectweb.asm.ClassReader::readUtf (44 bytes)
Event: 587.269 Thread 0x00007fbbb6025800 nmethod 139 0x00000001163e1810 code [0x00000001163e19a0, 0x00000001163e1e48]

GC Heap History (0 events):
No events

Deoptimization events (0 events):
No events

Classes redefined (2 events):
Event: 465.716 Thread 0x00007fbbb6020800 redefined class name=leetcode.PalindromeLinkedList, count=1
Event: 587.270 Thread 0x00007fbbb6020800 redefined class name=leetcode.PalindromeLinkedList, count=2

Internal exceptions (6 events):
Event: 0.036 Thread 0x00007fbbb680d000 Exception <a 'java/lang/NoSuchMethodError': Method sun.misc.Unsafe.defineClass(Ljava/lang/String;[BII)Ljava/lang/Class; name or signature does not match> (0x000000076ab07cb8) thrown at [/Users/java_re/workspace/8-2-build-macosx-x86_64/jdk8u221/13320/hotsp
Event: 0.036 Thread 0x00007fbbb680d000 Exception <a 'java/lang/NoSuchMethodError': Method sun.misc.Unsafe.prefetchRead(Ljava/lang/Object;J)V name or signature does not match> (0x000000076ab07fa0) thrown at [/Users/java_re/workspace/8-2-build-macosx-x86_64/jdk8u221/13320/hotspot/src/share/vm/pr
Event: 1.850 Thread 0x00007fbbb902a000 Exception <a 'java/security/PrivilegedActionException'> (0x000000076b45a8e0) thrown at [/Users/java_re/workspace/8-2-build-macosx-x86_64/jdk8u221/13320/hotspot/src/share/vm/prims/jvm.cpp, line 1502]
Event: 1.850 Thread 0x00007fbbb902a000 Exception <a 'java/security/PrivilegedActionException'> (0x000000076b45acd8) thrown at [/Users/java_re/workspace/8-2-build-macosx-x86_64/jdk8u221/13320/hotspot/src/share/vm/prims/jvm.cpp, line 1502]
Event: 1.850 Thread 0x00007fbbb902a000 Exception <a 'java/security/PrivilegedActionException'> (0x000000076b45e1f0) thrown at [/Users/java_re/workspace/8-2-build-macosx-x86_64/jdk8u221/13320/hotspot/src/share/vm/prims/jvm.cpp, line 1502]
Event: 1.850 Thread 0x00007fbbb902a000 Exception <a 'java/security/PrivilegedActionException'> (0x000000076b45e5e8) thrown at [/Users/java_re/workspace/8-2-build-macosx-x86_64/jdk8u221/13320/hotspot/src/share/vm/prims/jvm.cpp, line 1502]

Events (10 events):
Event: 587.274 Executing VM operation: ChangeBreakpoints
Event: 587.274 Executing VM operation: ChangeBreakpoints done
Event: 587.279 Executing VM operation: ChangeBreakpoints
Event: 587.279 Executing VM operation: ChangeBreakpoints done
Event: 587.281 Executing VM operation: EnterInterpOnlyMode
Event: 587.281 Executing VM operation: EnterInterpOnlyMode done
Event: 587.281 Executing VM operation: GetCurrentLocation
Event: 587.281 Executing VM operation: GetCurrentLocation done
Event: 587.281 Executing VM operation: ChangeSingleStep
Event: 587.281 Executing VM operation: ChangeSingleStep done


Dynamic libraries:
0x00007fff2f4ea000 	/System/Library/Frameworks/Cocoa.framework/Versions/A/Cocoa
0x00007fff3cce3000 	/System/Library/Frameworks/Security.framework/Versions/A/Security
0x00007fff2e44f000 	/System/Library/Frameworks/ApplicationServices.framework/Versions/A/ApplicationServices
0x00007fff699ce000 	/usr/lib/libz.1.dylib
0x00007fff67492000 	/usr/lib/libSystem.B.dylib
0x00007fff692f2000 	/usr/lib/libobjc.A.dylib
0x00007fff3038c000 	/System/Library/Frameworks/CoreFoundation.framework/Versions/A/CoreFoundation
0x00007fff32a49000 	/System/Library/Frameworks/Foundation.framework/Versions/C/Foundation
0x00007fff2d63f000 	/System/Library/Frameworks/AppKit.framework/Versions/C/AppKit
0x00007fff2fe6e000 	/System/Library/Frameworks/CoreData.framework/Versions/A/CoreData
0x00007fff614a7000 	/System/Library/PrivateFrameworks/UIFoundation.framework/Versions/A/UIFoundation
0x00007fff5c53b000 	/System/Library/PrivateFrameworks/RemoteViewServices.framework/Versions/A/RemoteViewServices
0x00007fff64002000 	/System/Library/PrivateFrameworks/XCTTargetBootstrap.framework/Versions/A/XCTTargetBootstrap
0x00007fff30259000 	/System/Library/Frameworks/CoreDisplay.framework/Versions/A/CoreDisplay
0x00007fff35904000 	/System/Library/Frameworks/Metal.framework/Versions/A/Metal
0x00007fff4a4fc000 	/System/Library/PrivateFrameworks/DesktopServicesPriv.framework/Versions/A/DesktopServicesPriv
0x00007fff685cd000 	/usr/lib/liblangid.dylib
0x00007fff49791000 	/System/Library/PrivateFrameworks/CoreSVG.framework/Versions/A/CoreSVG
0x00007fff5f697000 	/System/Library/PrivateFrameworks/SkyLight.framework/Versions/A/SkyLight
0x00007fff3080d000 	/System/Library/Frameworks/CoreGraphics.framework/Versions/A/CoreGraphics
0x00007fff2c013000 	/System/Library/Frameworks/Accelerate.framework/Versions/A/Accelerate
0x00007fff698bf000 	/usr/lib/libxml2.2.dylib
0x00007fff5549a000 	/System/Library/PrivateFrameworks/IconServices.framework/Versions/A/IconServices
0x00007fff33228000 	/System/Library/Frameworks/IOSurface.framework/Versions/A/IOSurface
0x00007fff66fbc000 	/usr/lib/libDiagnosticMessagesClient.dylib
0x00007fff4a356000 	/System/Library/PrivateFrameworks/DFRFoundation.framework/Versions/A/DFRFoundation
0x00007fff6835c000 	/usr/lib/libicucore.A.dylib
0x00007fff2e781000 	/System/Library/Frameworks/AudioToolbox.framework/Versions/A/AudioToolbox
0x00007fff2e864000 	/System/Library/Frameworks/AudioUnit.framework/Versions/A/AudioUnit
0x00007fff67694000 	/usr/lib/libauto.dylib
0x00007fff4a3f8000 	/System/Library/PrivateFrameworks/DataDetectorsCore.framework/Versions/A/DataDetectorsCore
0x00007fff2f00b000 	/System/Library/Frameworks/Carbon.framework/Versions/A/Frameworks/HIToolbox.framework/Versions/A/HIToolbox
0x00007fff3bedd000 	/System/Library/Frameworks/QuartzCore.framework/Versions/A/QuartzCore
0x00007fff2f34a000 	/System/Library/Frameworks/Carbon.framework/Versions/A/Frameworks/SpeechRecognition.framework/Versions/A/SpeechRecognition
0x00007fff49e6a000 	/System/Library/PrivateFrameworks/CoreUI.framework/Versions/A/CoreUI
0x00007fff2f8d9000 	/System/Library/Frameworks/CoreAudio.framework/Versions/A/CoreAudio
0x00007fff32708000 	/System/Library/Frameworks/DiskArbitration.framework/Versions/A/DiskArbitration
0x00007fff57516000 	/System/Library/PrivateFrameworks/MultitouchSupport.framework/Versions/A/MultitouchSupport
0x00007fff68223000 	/usr/lib/libenergytrace.dylib
0x00007fff33182000 	/System/Library/Frameworks/IOKit.framework/Versions/A/IOKit
0x00007fff31774000 	/System/Library/Frameworks/CoreServices.framework/Versions/A/CoreServices
0x00007fff596ce000 	/System/Library/PrivateFrameworks/PerformanceAnalysis.framework/Versions/A/PerformanceAnalysis
0x00007fff3af10000 	/System/Library/Frameworks/OpenGL.framework/Versions/A/OpenGL
0x00007fff2f4f8000 	/System/Library/Frameworks/ColorSync.framework/Versions/A/ColorSync
0x00007fff30e90000 	/System/Library/Frameworks/CoreImage.framework/Versions/A/CoreImage
0x00007fff321e7000 	/System/Library/Frameworks/CoreText.framework/Versions/A/CoreText
0x00007fff332b8000 	/System/Library/Frameworks/ImageIO.framework/Versions/A/ImageIO
0x00007fff67778000 	/usr/lib/libc++.1.dylib
0x00007fff677f4000 	/usr/lib/libcompression.dylib
0x00007fff67300000 	/usr/lib/libMobileGestalt.dylib
0x00007fff61211000 	/System/Library/PrivateFrameworks/TextureIO.framework/Versions/A/TextureIO
0x00007fff675f7000 	/usr/lib/libate.dylib
0x00007fff556a3000 	/System/Library/PrivateFrameworks/InternationalSupport.framework/Versions/A/InternationalSupport
0x00007fff6a28f000 	/usr/lib/system/libcache.dylib
0x00007fff6a295000 	/usr/lib/system/libcommonCrypto.dylib
0x00007fff6a2a1000 	/usr/lib/system/libcompiler_rt.dylib
0x00007fff6a2a9000 	/usr/lib/system/libcopyfile.dylib
0x00007fff6a2b3000 	/usr/lib/system/libcorecrypto.dylib
0x00007fff6a452000 	/usr/lib/system/libdispatch.dylib
0x00007fff6a493000 	/usr/lib/system/libdyld.dylib
0x00007fff6a4ca000 	/usr/lib/system/libkeymgr.dylib
0x00007fff6a4d8000 	/usr/lib/system/liblaunch.dylib
0x00007fff6a4d9000 	/usr/lib/system/libmacho.dylib
0x00007fff6a4df000 	/usr/lib/system/libquarantine.dylib
0x00007fff6a4e2000 	/usr/lib/system/libremovefile.dylib
0x00007fff6a4e4000 	/usr/lib/system/libsystem_asl.dylib
0x00007fff6a4fc000 	/usr/lib/system/libsystem_blocks.dylib
0x00007fff6a4fd000 	/usr/lib/system/libsystem_c.dylib
0x00007fff6a585000 	/usr/lib/system/libsystem_configuration.dylib
0x00007fff6a589000 	/usr/lib/system/libsystem_coreservices.dylib
0x00007fff6a58d000 	/usr/lib/system/libsystem_darwin.dylib
0x00007fff6a596000 	/usr/lib/system/libsystem_dnssd.dylib
0x00007fff6a59e000 	/usr/lib/system/libsystem_featureflags.dylib
0x00007fff6a5a0000 	/usr/lib/system/libsystem_info.dylib
0x00007fff6a61b000 	/usr/lib/system/libsystem_m.dylib
0x00007fff6a663000 	/usr/lib/system/libsystem_malloc.dylib
0x00007fff6a68b000 	/usr/lib/system/libsystem_networkextension.dylib
0x00007fff6a699000 	/usr/lib/system/libsystem_notify.dylib
0x00007fff6a6b7000 	/usr/lib/system/libsystem_sandbox.dylib
0x00007fff6a6bc000 	/usr/lib/system/libsystem_secinit.dylib
0x00007fff6a5ee000 	/usr/lib/system/libsystem_kernel.dylib
0x00007fff6a6a3000 	/usr/lib/system/libsystem_platform.dylib
0x00007fff6a6ac000 	/usr/lib/system/libsystem_pthread.dylib
0x00007fff6a6bf000 	/usr/lib/system/libsystem_symptoms.dylib
0x00007fff6a6c7000 	/usr/lib/system/libsystem_trace.dylib
0x00007fff6a6df000 	/usr/lib/system/libunwind.dylib
0x00007fff6a6e5000 	/usr/lib/system/libxpc.dylib
0x00007fff677cb000 	/usr/lib/libc++abi.dylib
0x00007fff685cf000 	/usr/lib/liblzma.5.dylib
0x00007fff6824a000 	/usr/lib/libfakelink.dylib
0x00007fff67584000 	/usr/lib/libarchive.2.dylib
0x00007fff3dd94000 	/System/Library/Frameworks/SystemConfiguration.framework/Versions/A/SystemConfiguration
0x00007fff66eef000 	/usr/lib/libCRFSuite.dylib
0x00007fff2ebfb000 	/System/Library/Frameworks/CFNetwork.framework/Versions/A/CFNetwork
0x00007fff6775a000 	/usr/lib/libbsm.0.dylib
0x00007fff6a4cb000 	/usr/lib/system/libkxld.dylib
0x00007fff43cd3000 	/System/Library/PrivateFrameworks/AppleFSCompression.framework/Versions/A/AppleFSCompression
0x00007fff67ae5000 	/usr/lib/libcoretls.dylib
0x00007fff67afc000 	/usr/lib/libcoretls_cfhelpers.dylib
0x00007fff69338000 	/usr/lib/libpam.2.dylib
0x00007fff6946d000 	/usr/lib/libsqlite3.dylib
0x00007fff698ac000 	/usr/lib/libxar.1.dylib
0x00007fff6776b000 	/usr/lib/libbz2.1.0.dylib
0x00007fff6826b000 	/usr/lib/libiconv.2.dylib
0x00007fff677e1000 	/usr/lib/libcharset.1.dylib
0x00007fff68dd5000 	/usr/lib/libnetwork.dylib
0x00007fff6933f000 	/usr/lib/libpcap.A.dylib
0x00007fff67539000 	/usr/lib/libapple_nghttp2.dylib
0x00007fff31b2b000 	/System/Library/Frameworks/CoreServices.framework/Versions/A/Frameworks/FSEvents.framework/Versions/A/FSEvents
0x00007fff317fb000 	/System/Library/Frameworks/CoreServices.framework/Versions/A/Frameworks/CarbonCore.framework/Versions/A/CarbonCore
0x00007fff31d6f000 	/System/Library/Frameworks/CoreServices.framework/Versions/A/Frameworks/Metadata.framework/Versions/A/Metadata
0x00007fff31e08000 	/System/Library/Frameworks/CoreServices.framework/Versions/A/Frameworks/OSServices.framework/Versions/A/OSServices
0x00007fff31e36000 	/System/Library/Frameworks/CoreServices.framework/Versions/A/Frameworks/SearchKit.framework/Versions/A/SearchKit
0x00007fff31775000 	/System/Library/Frameworks/CoreServices.framework/Versions/A/Frameworks/AE.framework/Versions/A/AE
0x00007fff31b34000 	/System/Library/Frameworks/CoreServices.framework/Versions/A/Frameworks/LaunchServices.framework/Versions/A/LaunchServices
0x00007fff31add000 	/System/Library/Frameworks/CoreServices.framework/Versions/A/Frameworks/DictionaryServices.framework/Versions/A/DictionaryServices
0x00007fff31e9e000 	/System/Library/Frameworks/CoreServices.framework/Versions/A/Frameworks/SharedFileList.framework/Versions/A/SharedFileList
0x00007fff36d2f000 	/System/Library/Frameworks/NetFS.framework/Versions/A/NetFS
0x00007fff57a46000 	/System/Library/PrivateFrameworks/NetAuth.framework/Versions/A/NetAuth
0x00007fff643cf000 	/System/Library/PrivateFrameworks/login.framework/Versions/A/Frameworks/loginsupport.framework/Versions/A/loginsupport
0x00007fff60cdc000 	/System/Library/PrivateFrameworks/TCC.framework/Versions/A/TCC
0x00007fff48904000 	/System/Library/PrivateFrameworks/CoreNLP.framework/Versions/A/CoreNLP
0x00007fff56f17000 	/System/Library/PrivateFrameworks/MetadataUtilities.framework/Versions/A/MetadataUtilities
0x00007fff686a7000 	/usr/lib/libmecabra.dylib
0x00007fff685ff000 	/usr/lib/libmecab.dylib
0x00007fff6825b000 	/usr/lib/libgermantok.dylib
0x00007fff67520000 	/usr/lib/libThaiTokenizer.dylib
0x00007fff66f26000 	/usr/lib/libChineseTokenizer.dylib
0x00007fff2c02b000 	/System/Library/Frameworks/Accelerate.framework/Versions/A/Frameworks/vImage.framework/Versions/A/vImage
0x00007fff2d495000 	/System/Library/Frameworks/Accelerate.framework/Versions/A/Frameworks/vecLib.framework/Versions/A/vecLib
0x00007fff2d3d2000 	/System/Library/Frameworks/Accelerate.framework/Versions/A/Frameworks/vecLib.framework/Versions/A/libvMisc.dylib
0x00007fff2d1fa000 	/System/Library/Frameworks/Accelerate.framework/Versions/A/Frameworks/vecLib.framework/Versions/A/libvDSP.dylib
0x00007fff2c682000 	/System/Library/Frameworks/Accelerate.framework/Versions/A/Frameworks/vecLib.framework/Versions/A/libBLAS.dylib
0x00007fff2cdbe000 	/System/Library/Frameworks/Accelerate.framework/Versions/A/Frameworks/vecLib.framework/Versions/A/libLAPACK.dylib
0x00007fff2d15a000 	/System/Library/Frameworks/Accelerate.framework/Versions/A/Frameworks/vecLib.framework/Versions/A/libLinearAlgebra.dylib
0x00007fff2d1e7000 	/System/Library/Frameworks/Accelerate.framework/Versions/A/Frameworks/vecLib.framework/Versions/A/libSparseBLAS.dylib
0x00007fff2d170000 	/System/Library/Frameworks/Accelerate.framework/Versions/A/Frameworks/vecLib.framework/Versions/A/libQuadrature.dylib
0x00007fff2c8ea000 	/System/Library/Frameworks/Accelerate.framework/Versions/A/Frameworks/vecLib.framework/Versions/A/libBNNS.dylib
0x00007fff2d176000 	/System/Library/Frameworks/Accelerate.framework/Versions/A/Frameworks/vecLib.framework/Versions/A/libSparse.dylib
0x00007fff55a8b000 	/System/Library/PrivateFrameworks/LanguageModeling.framework/Versions/A/LanguageModeling
0x00007fff482b4000 	/System/Library/PrivateFrameworks/CoreEmoji.framework/Versions/A/CoreEmoji
0x00007fff55ba9000 	/System/Library/PrivateFrameworks/LinguisticData.framework/Versions/A/LinguisticData
0x00007fff55b5a000 	/System/Library/PrivateFrameworks/Lexicon.framework/Versions/A/Lexicon
0x00007fff677e2000 	/usr/lib/libcmph.dylib
0x00007fff3991e000 	/System/Library/Frameworks/OpenDirectory.framework/Versions/A/Frameworks/CFOpenDirectory.framework/Versions/A/CFOpenDirectory
0x00007fff3993b000 	/System/Library/Frameworks/OpenDirectory.framework/Versions/A/OpenDirectory
0x00007fff41d7e000 	/System/Library/PrivateFrameworks/APFS.framework/Versions/A/APFS
0x00007fff3d02d000 	/System/Library/Frameworks/SecurityFoundation.framework/Versions/A/SecurityFoundation
0x00007fff698a8000 	/usr/lib/libutil.dylib
0x00007fff497e9000 	/System/Library/PrivateFrameworks/CoreServicesStore.framework/Versions/A/CoreServicesStore
0x00007fff3d0e4000 	/System/Library/Frameworks/ServiceManagement.framework/Versions/A/ServiceManagement
0x00007fff454a3000 	/System/Library/PrivateFrameworks/BackgroundTaskManagement.framework/Versions/A/BackgroundTaskManagement
0x00007fff699a5000 	/usr/lib/libxslt.1.dylib
0x00007fff44346000 	/System/Library/PrivateFrameworks/AppleSystemInfo.framework/Versions/A/AppleSystemInfo
0x00007fff334d3000 	/System/Library/Frameworks/ImageIO.framework/Versions/A/Resources/libJPEG.dylib
0x00007fff33792000 	/System/Library/Frameworks/ImageIO.framework/Versions/A/Resources/libTIFF.dylib
0x00007fff33775000 	/System/Library/Frameworks/ImageIO.framework/Versions/A/Resources/libPng.dylib
0x00007fff33415000 	/System/Library/Frameworks/ImageIO.framework/Versions/A/Resources/libGIF.dylib
0x00007fff33419000 	/System/Library/Frameworks/ImageIO.framework/Versions/A/Resources/libJP2.dylib
0x00007fff33790000 	/System/Library/Frameworks/ImageIO.framework/Versions/A/Resources/libRadiance.dylib
0x00007fff68224000 	/usr/lib/libexpat.1.dylib
0x00007fff43e2e000 	/System/Library/PrivateFrameworks/AppleJPEG.framework/Versions/A/AppleJPEG
0x00007fff4caff000 	/System/Library/PrivateFrameworks/FontServices.framework/libFontParser.dylib
0x00007fff633d1000 	/System/Library/PrivateFrameworks/WatchdogClient.framework/Versions/A/WatchdogClient
0x00007fff550e6000 	/System/Library/PrivateFrameworks/IOAccelerator.framework/Versions/A/IOAccelerator
0x00007fff35c9f000 	/System/Library/Frameworks/MetalPerformanceShaders.framework/Versions/A/MetalPerformanceShaders
0x00007fff5187c000 	/System/Library/PrivateFrameworks/GPUWrangler.framework/Versions/A/GPUWrangler
0x00007fff550fb000 	/System/Library/PrivateFrameworks/IOPresentment.framework/Versions/A/IOPresentment
0x00007fff4a369000 	/System/Library/PrivateFrameworks/DSExternalDisplay.framework/Versions/A/DSExternalDisplay
0x00007fff3a2af000 	/System/Library/Frameworks/OpenGL.framework/Versions/A/Libraries/libCoreFSCache.dylib
0x00007fff359eb000 	/System/Library/Frameworks/MetalPerformanceShaders.framework/Frameworks/MPSCore.framework/Versions/A/MPSCore
0x00007fff35a29000 	/System/Library/Frameworks/MetalPerformanceShaders.framework/Frameworks/MPSImage.framework/Versions/A/MPSImage
0x00007fff35af0000 	/System/Library/Frameworks/MetalPerformanceShaders.framework/Frameworks/MPSNeuralNetwork.framework/Versions/A/MPSNeuralNetwork
0x00007fff35ab4000 	/System/Library/Frameworks/MetalPerformanceShaders.framework/Frameworks/MPSMatrix.framework/Versions/A/MPSMatrix
0x00007fff35c4f000 	/System/Library/Frameworks/MetalPerformanceShaders.framework/Frameworks/MPSRayIntersector.framework/Versions/A/MPSRayIntersector
0x00007fff35ada000 	/System/Library/Frameworks/MetalPerformanceShaders.framework/Frameworks/MPSNDArray.framework/Versions/A/MPSNDArray
0x00007fff56f64000 	/System/Library/PrivateFrameworks/MetalTools.framework/Versions/A/MetalTools
0x00007fff42f58000 	/System/Library/PrivateFrameworks/AggregateDictionary.framework/Versions/A/AggregateDictionary
0x00007fff47cfc000 	/System/Library/PrivateFrameworks/CoreAnalytics.framework/Versions/A/CoreAnalytics
0x00007fff44265000 	/System/Library/PrivateFrameworks/AppleSauce.framework/Versions/A/AppleSauce
0x00007fff671e2000 	/usr/lib/libIOReport.dylib
0x00007fff3239f000 	/System/Library/Frameworks/CoreVideo.framework/Versions/A/CoreVideo
0x00007fff52cf5000 	/System/Library/PrivateFrameworks/GraphVisualizer.framework/Versions/A/GraphVisualizer
0x00007fff4c045000 	/System/Library/PrivateFrameworks/FaceCore.framework/Versions/A/FaceCore
0x00007fff398c5000 	/System/Library/Frameworks/OpenCL.framework/Versions/A/OpenCL
0x00007fff67004000 	/usr/lib/libFosl_dynamic.dylib
0x00007fff58466000 	/System/Library/PrivateFrameworks/OTSVG.framework/Versions/A/OTSVG
0x00007fff2e554000 	/System/Library/Frameworks/ApplicationServices.framework/Versions/A/Frameworks/ATS.framework/Versions/A/Resources/libFontRegistry.dylib
0x00007fff4ccd0000 	/System/Library/PrivateFrameworks/FontServices.framework/libhvf.dylib
0x00007fff3a2ba000 	/System/Library/Frameworks/OpenGL.framework/Versions/A/Libraries/libGFXShared.dylib
0x00007fff3a498000 	/System/Library/Frameworks/OpenGL.framework/Versions/A/Libraries/libGLU.dylib
0x00007fff3a2c3000 	/System/Library/Frameworks/OpenGL.framework/Versions/A/Libraries/libGL.dylib
0x00007fff3a2ce000 	/System/Library/Frameworks/OpenGL.framework/Versions/A/Libraries/libGLImage.dylib
0x00007fff3a2ac000 	/System/Library/Frameworks/OpenGL.framework/Versions/A/Libraries/libCVMSPluginSupport.dylib
0x00007fff3a2b5000 	/System/Library/Frameworks/OpenGL.framework/Versions/A/Libraries/libCoreVMClient.dylib
0x00007fff68c76000 	/usr/lib/libncurses.5.4.dylib
0x00007fff2e450000 	/System/Library/Frameworks/ApplicationServices.framework/Versions/A/Frameworks/ATS.framework/Versions/A/ATS
0x00007fff2e61d000 	/System/Library/Frameworks/ApplicationServices.framework/Versions/A/Frameworks/ColorSyncLegacy.framework/Versions/A/ColorSyncLegacy
0x00007fff2e6bb000 	/System/Library/Frameworks/ApplicationServices.framework/Versions/A/Frameworks/HIServices.framework/Versions/A/HIServices
0x00007fff2e713000 	/System/Library/Frameworks/ApplicationServices.framework/Versions/A/Frameworks/LangAnalysis.framework/Versions/A/LangAnalysis
0x00007fff2e722000 	/System/Library/Frameworks/ApplicationServices.framework/Versions/A/Frameworks/PrintCore.framework/Versions/A/PrintCore
0x00007fff2e768000 	/System/Library/Frameworks/ApplicationServices.framework/Versions/A/Frameworks/QD.framework/Versions/A/QD
0x00007fff2e773000 	/System/Library/Frameworks/ApplicationServices.framework/Versions/A/Frameworks/SpeechSynthesis.framework/Versions/A/SpeechSynthesis
0x00007fff2e5ed000 	/System/Library/Frameworks/ApplicationServices.framework/Versions/A/Frameworks/ATSUI.framework/Versions/A/ATSUI
0x00007fff680ba000 	/usr/lib/libcups.2.dylib
0x00007fff34d3a000 	/System/Library/Frameworks/Kerberos.framework/Versions/A/Kerberos
0x00007fff32e7b000 	/System/Library/Frameworks/GSS.framework/Versions/A/GSS
0x00007fff693f9000 	/usr/lib/libresolv.9.dylib
0x00007fff52ea2000 	/System/Library/PrivateFrameworks/Heimdal.framework/Versions/A/Heimdal
0x00007fff34d4d000 	/System/Library/Frameworks/Kerberos.framework/Versions/A/Libraries/libHeimdalProxy.dylib
0x00007fff68261000 	/usr/lib/libheimdal-asn1.dylib
0x00007fff47194000 	/System/Library/PrivateFrameworks/CommonAuth.framework/Versions/A/CommonAuth
0x00007fff443e3000 	/System/Library/PrivateFrameworks/AssertionServices.framework/Versions/A/AssertionServices
0x00007fff44f86000 	/System/Library/PrivateFrameworks/AudioToolboxCore.framework/Versions/A/AudioToolboxCore
0x00007fff6407f000 	/System/Library/PrivateFrameworks/caulk.framework/Versions/A/caulk
0x00007fff4554f000 	/System/Library/PrivateFrameworks/BaseBoard.framework/Versions/A/BaseBoard
0x00007fff5c6c9000 	/System/Library/PrivateFrameworks/RunningBoardServices.framework/Versions/A/RunningBoardServices
0x00007fff596da000 	/System/Library/PrivateFrameworks/PersistentConnection.framework/Versions/A/PersistentConnection
0x00007fff5c0c2000 	/System/Library/PrivateFrameworks/ProtocolBuffer.framework/Versions/A/ProtocolBuffer
0x00007fff471b8000 	/System/Library/PrivateFrameworks/CommonUtilities.framework/Versions/A/CommonUtilities
0x00007fff456dd000 	/System/Library/PrivateFrameworks/Bom.framework/Versions/A/Bom
0x00007fff66eb5000 	/usr/lib/libAudioToolboxUtility.dylib
0x00007fff454ad000 	/System/Library/PrivateFrameworks/Backup.framework/Versions/A/Backup
0x00007fff4a28a000 	/System/Library/PrivateFrameworks/CrashReporterSupport.framework/Versions/A/CrashReporterSupport
0x00007fff5e15b000 	/System/Library/PrivateFrameworks/Sharing.framework/Versions/A/Sharing
0x00007fff439f1000 	/System/Library/PrivateFrameworks/Apple80211.framework/Versions/A/Apple80211
0x00007fff451ca000 	/System/Library/PrivateFrameworks/AuthKit.framework/Versions/A/AuthKit
0x00007fff49f97000 	/System/Library/PrivateFrameworks/CoreUtils.framework/Versions/A/CoreUtils
0x00007fff323e4000 	/System/Library/Frameworks/CoreWLAN.framework/Versions/A/CoreWLAN
0x00007fff33008000 	/System/Library/Frameworks/IOBluetooth.framework/Versions/A/IOBluetooth
0x00007fff57295000 	/System/Library/PrivateFrameworks/MobileKeyBag.framework/Versions/A/MobileKeyBag
0x00007fff48d9c000 	/System/Library/PrivateFrameworks/CorePhoneNumbers.framework/Versions/A/CorePhoneNumbers
0x00007fff43de1000 	/System/Library/PrivateFrameworks/AppleIDAuthSupport.framework/Versions/A/AppleIDAuthSupport
0x00007fff36d3c000 	/System/Library/Frameworks/Network.framework/Versions/A/Network
0x00007fff55937000 	/System/Library/PrivateFrameworks/KeychainCircle.framework/Versions/A/KeychainCircle
0x00007fff2fe35000 	/System/Library/Frameworks/CoreBluetooth.framework/Versions/A/CoreBluetooth
0x00007fff601da000 	/System/Library/PrivateFrameworks/SpeechRecognitionCore.framework/Versions/A/SpeechRecognitionCore
0x000000010fc00000 	/Library/Java/JavaVirtualMachines/jdk1.8.0_221.jdk/Contents/Home/jre/lib/server/libjvm.dylib
0x00007fff6977b000 	/usr/lib/libstdc++.6.dylib
0x000000010e2f9000 	/Library/Java/JavaVirtualMachines/jdk1.8.0_221.jdk/Contents/Home/jre/lib/libverify.dylib
0x000000010e307000 	/Library/Java/JavaVirtualMachines/jdk1.8.0_221.jdk/Contents/Home/jre/lib/libjava.dylib
0x000000010e33e000 	/Library/Java/JavaVirtualMachines/jdk1.8.0_221.jdk/Contents/Home/jre/lib/libjdwp.dylib
0x000000010e389000 	/Library/Java/JavaVirtualMachines/jdk1.8.0_221.jdk/Contents/Home/jre/lib/libnpt.dylib
0x000000010e38d000 	/Library/Java/JavaVirtualMachines/jdk1.8.0_221.jdk/Contents/Home/jre/lib/libinstrument.dylib
0x0000000110bb9000 	/Library/Java/JavaVirtualMachines/jdk1.8.0_221.jdk/Contents/Home/jre/lib/libzip.dylib
0x0000000114a67000 	/Library/Java/JavaVirtualMachines/jdk1.8.0_221.jdk/Contents/Home/jre/lib/libdt_socket.dylib

VM Arguments:
jvm_args: -agentlib:jdwp=transport=dt_socket,suspend=y,address=localhost:61386 -javaagent:/Applications/SpringToolSuite4.app/Contents/Eclipse/configuration/org.eclipse.osgi/873/0/.cp/lib/javaagent-shaded.jar -Dfile.encoding=UTF-8 
java_command: leetcode.PalindromeLinkedList
java_class_path (initial): /Users/fabiano/Pessoal/algorithms-challenges/build/classes:/Applications/SpringToolSuite4.app/Contents/Eclipse/configuration/org.eclipse.osgi/873/0/.cp/lib/javaagent-shaded.jar
Launcher Type: SUN_STANDARD

Environment Variables:
PATH=/usr/bin:/bin:/usr/sbin:/sbin
SHELL=/bin/zsh

Signal Handlers:
SIGSEGV: [libjvm.dylib+0x5b71a7], sa_mask[0]=11111111011111110111111111111111, sa_flags=SA_ONSTACK|SA_RESTART|SA_SIGINFO
SIGBUS: [libjvm.dylib+0x5b71a7], sa_mask[0]=11111111011111110111111111111111, sa_flags=SA_RESTART|SA_SIGINFO
SIGFPE: [libjvm.dylib+0x48c8fc], sa_mask[0]=11111111011111110111111111111111, sa_flags=SA_RESTART|SA_SIGINFO
SIGPIPE: [libjvm.dylib+0x48c8fc], sa_mask[0]=11111111011111110111111111111111, sa_flags=SA_RESTART|SA_SIGINFO
SIGXFSZ: [libjvm.dylib+0x48c8fc], sa_mask[0]=11111111011111110111111111111111, sa_flags=SA_RESTART|SA_SIGINFO
SIGILL: [libjvm.dylib+0x48c8fc], sa_mask[0]=11111111011111110111111111111111, sa_flags=SA_RESTART|SA_SIGINFO
SIGUSR1: SIG_DFL, sa_mask[0]=00000000000000000000000000000000, sa_flags=none
SIGUSR2: [libjvm.dylib+0x48c41a], sa_mask[0]=00100000000000000000000000000000, sa_flags=SA_RESTART|SA_SIGINFO
SIGHUP: [libjvm.dylib+0x48a9a5], sa_mask[0]=11111111011111110111111111111111, sa_flags=SA_RESTART|SA_SIGINFO
SIGINT: [libjvm.dylib+0x48a9a5], sa_mask[0]=11111111011111110111111111111111, sa_flags=SA_RESTART|SA_SIGINFO
SIGTERM: [libjvm.dylib+0x48a9a5], sa_mask[0]=11111111011111110111111111111111, sa_flags=SA_RESTART|SA_SIGINFO
SIGQUIT: [libjvm.dylib+0x48a9a5], sa_mask[0]=11111111011111110111111111111111, sa_flags=SA_RESTART|SA_SIGINFO


---------------  S Y S T E M  ---------------

OS:Bsduname:Darwin 19.6.0 Darwin Kernel Version 19.6.0: Thu Oct 29 22:56:45 PDT 2020; root:xnu-6153.141.2.2~1/RELEASE_X86_64 x86_64
rlimit: STACK 8192k, CORE 0k, NPROC 2784, NOFILE 10240, AS infinity
load average:2.30 2.54 2.52

CPU:total 12 (initial active 12) (6 cores per cpu, 2 threads per core) family 6 model 158 stepping 10, cmov, cx8, fxsr, mmx, sse, sse2, sse3, ssse3, sse4.1, sse4.2, popcnt, avx, avx2, aes, clmul, erms, 3dnowpref, lzcnt, ht, tsc, tscinvbit, bmi1, bmi2, adx

Memory: 4k page, physical 16777216k(103688k free)

/proc/meminfo:


vm_info: Java HotSpot(TM) 64-Bit Server VM (25.221-b11) for bsd-amd64 JRE (1.8.0_221-b11), built on Jul  4 2019 04:36:22 by "java_re" with gcc 4.2.1 (Based on Apple Inc. build 5658) (LLVM build 2336.11.00)

time: Tue Nov 24 15:09:49 2020
timezone: -03
elapsed time: 587 seconds (0d 0h 9m 47s)

